<?xml version="1.0" encoding="UTF-8"?>
<!-- Generated by org.testng.reporters.JUnitReportReporter -->
<testsuite skipped="0" hostname="METBLR1PLT107" name="selenium.ParallelExecution" tests="2" failures="0" timestamp="22 May 2021 18:36:29 GMT" time="38.791" errors="0">
  <testcase name="TC1" time="17.245" classname="selenium.ParallelExecution"/>
  <testcase name="TC2" time="21.546" classname="selenium.ParallelExecution"/>
</testsuite> <!-- selenium.ParallelExecution -->
