<?xml version="1.0" encoding="UTF-8"?>
<!-- Generated by org.testng.reporters.JUnitReportReporter -->
<testsuite skipped="0" hostname="METBLR1PLT107" name="TestScripts.WebApiTests" tests="1" failures="0" timestamp="19 Mar 2021 06:49:45 GMT" time="3.134" errors="0">
  <testcase name="postBarCodeTypes" time="3.134" classname="TestScripts.WebApiTests"/>
</testsuite> <!-- TestScripts.WebApiTests -->
