<?xml version="1.0" encoding="UTF-8"?>
<!-- Generated by org.testng.reporters.JUnitReportReporter -->
<testsuite skipped="0" hostname="METBLR1PLT107" name="TestScripts.OAuth" tests="1" failures="0" timestamp="31 Mar 2021 16:34:04 GMT" time="2.740" errors="0">
  <testcase name="OAuth" time="2.740" classname="TestScripts.OAuth"/>
</testsuite> <!-- TestScripts.OAuth -->
