<?xml version="1.0" encoding="UTF-8"?>
<!-- Generated by org.testng.reporters.JUnitReportReporter -->
<testsuite skipped="0" hostname="METBLR1PLT107" name="TestScripts.JiraTest" tests="1" failures="0" timestamp="26 Mar 2021 20:20:36 GMT" time="3.368" errors="0">
  <testcase name="CreateIssue" time="3.368" classname="TestScripts.JiraTest"/>
</testsuite> <!-- TestScripts.JiraTest -->
