<?xml version="1.0" encoding="UTF-8"?>
<!-- Generated by org.testng.reporters.JUnitReportReporter -->
<testsuite skipped="0" hostname="METBLR1PLT107" name="TestScripts.SumValidation" tests="1" failures="0" timestamp="23 Mar 2021 08:50:57 GMT" time="2.151" errors="0">
  <testcase name="sumOfCourses" time="2.151" classname="TestScripts.SumValidation"/>
</testsuite> <!-- TestScripts.SumValidation -->
